[2024-03-01 22:00:53] Inicio de la simulacion a
[2024-03-01 22:00:53] Piscifactoria Inicial: a
[2024-03-03 17:40:46] Inicio de la simulacion a
[2024-03-03 17:40:46] Piscifactoria Inicial: a
[2024-03-03 17:41:05] Inicio de la simulacion a
[2024-03-03 17:41:05] Piscifactoria Inicial: a
[2024-03-03 17:41:53] Inicio de la simulacion a
[2024-03-03 17:41:53] Piscifactoria Inicial: a
[2024-03-03 17:45:55] Inicio de la simulacion a
[2024-03-03 17:45:55] Piscifactoria Inicial: a
[2024-03-03 17:46:05] Carpa plateada (M) comprado por 35 monedas.
[2024-03-03 17:46:59] Fin del dia 0.
[2024-03-03 18:43:36] Inicio de la simulacion a
[2024-03-03 18:43:36] Piscifactoria Inicial: a
[2024-03-03 18:43:57] Cierre de partida
[2024-03-03 21:33:25] Inicio de la simulacion a
[2024-03-03 21:33:25] Piscifactoria Inicial: a
[2024-03-03 21:34:05] Inicio de la simulacion a
[2024-03-03 21:34:41] Piscifactoria Inicial: a
[2024-03-03 21:36:20] Inicio de la simulacion a
[2024-03-03 21:36:20] Piscifactoria Inicial: a
[2024-03-03 21:38:02] Inicio de la simulacion a
[2024-03-03 21:38:02] Piscifactoria Inicial: a
[2024-03-03 21:39:06] Inicio de la simulacion a
[2024-03-03 21:39:10] Piscifactoria Inicial: a
[2024-03-03 21:40:20] Inicio de la simulacion a
[2024-03-03 21:40:20] Piscifactoria Inicial: a
[2024-03-03 21:43:14] Inicio de la simulacion a
[2024-03-03 21:43:14] Piscifactoria Inicial: a
[2024-03-03 21:43:56] Inicio de la simulacion a
[2024-03-03 21:43:56] Piscifactoria Inicial: a
[2024-03-03 21:44:19] Fin del dia 0.
[2024-03-03 21:44:29] Cierre de partida
[2024-03-03 22:07:56] Inicio de la simulacion a
[2024-03-03 22:07:56] Piscifactoria Inicial: a
[2024-03-03 22:07:58] Carpa plateada (M) comprado por 35 monedas.
[2024-03-03 22:07:59] Fin del dia 0.
[2024-03-03 22:08:02] Cierre de partida
[2024-03-04 16:01:13] Inicio de la simulacion a
[2024-03-04 16:01:13] Piscifactoria Inicial: a
[2024-03-04 16:01:22] Carpa plateada (M) comprado por 35 monedas.
[2024-03-04 16:01:25] Fin del dia 0.
[2024-03-04 16:01:27] Cierre de partida
[2024-03-04 16:30:11] Inicio de la simulacion a
[2024-03-04 16:30:11] Piscifactoria Inicial: a
[2024-03-04 16:30:12] Carpa plateada (M) comprado por 35 monedas.
[2024-03-04 16:30:13] Carpa plateada (H) comprado por 35 monedas.
[2024-03-04 16:30:14] Fin del dia 0.
[2024-03-04 16:30:49] Inicio de la simulacion a
[2024-03-04 16:30:49] Piscifactoria Inicial: a
[2024-03-04 16:30:53] Carpa plateada (M) comprado por 35 monedas.
[2024-03-04 16:30:54] Fin del dia 0.
[2024-03-04 16:34:33] Inicio de la simulacion a
[2024-03-04 16:34:33] Piscifactoria Inicial: a
[2024-03-04 16:34:36] Carpa plateada (M) comprado por 35 monedas.
[2024-03-04 16:34:37] Fin del dia 0.
[2024-03-04 17:16:05] Inicio de la simulacion a
[2024-03-04 17:16:05] Piscifactoria Inicial: a
[2024-03-04 17:16:16] Carpa plateada (M) comprado por 35 monedas.
[2024-03-04 17:16:22] Fin del dia 0.
[2024-03-04 17:16:25] Carpa plateada (H) comprado por 35 monedas.
[2024-03-04 17:16:35] Fin del dia 1.
[2024-03-04 17:16:36] Fin del dia 2.
[2024-03-04 17:16:36] Fin del dia 3.
[2024-03-04 17:16:37] Fin del dia 4.
[2024-03-04 17:16:40] Fin del dia 5.
[2024-03-04 17:17:20] 5 de comida comprada por 5 monedas. Se almacena en la piscifactoría a.
[2024-03-04 17:18:00] Comprado el almacén central.
[2024-03-04 17:20:28] Vaciado el tanque 1 de la piscifactoría a
[2024-03-04 17:21:35] Cierre de partida
