[2024-03-15 12:49:28] Inicio de la simulacion hola
[2024-03-15 12:49:28] Piscifactoria Inicial: hola
[2024-03-15 12:51:23] Inicio de la simulacion hola
[2024-03-15 12:51:23] Piscifactoria Inicial: hola
[2024-03-15 12:55:16] Recompensa Almacen central usada
[2024-03-15 12:55:16] [ERROR] Error al buscar el nombre del archivo XML
[2024-03-15 12:55:16] [ERROR] Error al buscar el nombre del archivo XML
[2024-03-15 12:55:16] [ERROR] Error al buscar el nombre del archivo XML
[2024-03-15 12:55:16] [ERROR] Error al buscar el nombre del archivo XML
[2024-03-15 16:57:47] Inicio de la simulacion hola
[2024-03-15 16:57:47] Piscifactoria Inicial: h1
[2024-03-15 16:58:31] Carpa plateada (M) comprado por 35 monedas.
[2024-03-15 16:58:33] Fin del dia 0.
[2024-03-15 16:58:33] Fin del dia 1.
[2024-03-15 16:58:34] Fin del dia 2.
[2024-03-15 16:58:39] Fin del dia 3.
[2024-03-15 16:58:39] Fin del dia 4.
[2024-03-15 16:58:39] Fin del dia 5.
[2024-03-15 16:58:48] Fin del dia 6.
[2024-03-15 16:58:48] Fin del dia 7.
[2024-03-15 16:58:49] Fin del dia 8.
[2024-03-15 16:58:55] Carpa plateada (H) comprado por 35 monedas.
[2024-03-15 16:58:56] Fin del dia 9.
[2024-03-15 16:58:56] Fin del dia 10.
[2024-03-15 16:58:57] Fin del dia 11.
[2024-03-15 17:09:03] Recompensa Almacen central usada
[2024-03-15 17:09:03] [ERROR] Error al buscar el nombre del archivo XML
[2024-03-15 17:09:03] [ERROR] Error al buscar el nombre del archivo XML
[2024-03-15 17:09:03] [ERROR] Error al buscar el nombre del archivo XML
[2024-03-15 17:09:03] [ERROR] Error al buscar el nombre del archivo XML
[2024-03-15 17:11:20] Recompensa Almacen central usada
[2024-03-15 17:11:20] [ERROR] Error al buscar el nombre del archivo XML
[2024-03-15 17:11:20] [ERROR] Error al buscar el nombre del archivo XML
[2024-03-15 17:11:20] [ERROR] Error al buscar el nombre del archivo XML
[2024-03-15 17:11:20] [ERROR] Error al buscar el nombre del archivo XML
[2024-03-15 17:16:32] Inicio de la simulacion hola
[2024-03-15 17:16:32] Piscifactoria Inicial: h1
[2024-03-15 17:16:37] Recompensa Almacen central usada
[2024-03-15 17:16:37] [ERROR] Error al buscar el nombre del archivo XML
[2024-03-15 17:16:37] [ERROR] Error al buscar el nombre del archivo XML
[2024-03-15 17:16:37] [ERROR] Error al buscar el nombre del archivo XML
[2024-03-15 17:16:37] [ERROR] Error al buscar el nombre del archivo XML
[2024-03-15 17:19:13] Recompensa Almacen central usada
[2024-03-15 17:19:13] [ERROR] Error al buscar el nombre del archivo XML
[2024-03-15 17:19:13] [ERROR] Error al buscar el nombre del archivo XML
[2024-03-15 17:19:13] [ERROR] Error al buscar el nombre del archivo XML
[2024-03-15 17:19:13] [ERROR] Error al buscar el nombre del archivo XML
[2024-03-15 17:31:50] Recompensa Almacen central usada
[2024-03-15 17:31:50] [ERROR] Error al buscar el nombre del archivo XML
[2024-03-15 17:31:50] [ERROR] Error al buscar el nombre del archivo XML
[2024-03-15 17:31:50] [ERROR] Error al buscar el nombre del archivo XML
[2024-03-15 17:31:50] [ERROR] Error al buscar el nombre del archivo XML
[2024-03-15 17:33:51] Recompensa Almacen central usada
[2024-03-15 17:34:34] [ERROR] Error al buscar el nombre del archivo XML
[2024-03-15 17:34:34] [ERROR] Error al buscar el nombre del archivo XML
[2024-03-15 17:34:34] [ERROR] Error al buscar el nombre del archivo XML
[2024-03-15 17:34:34] [ERROR] Error al buscar el nombre del archivo XML
[2024-03-15 17:36:04] Inicio de la simulacion hola
[2024-03-15 17:36:04] Piscifactoria Inicial: h1
[2024-03-15 17:36:08] Recompensa Almacen central usada
[2024-03-15 17:40:32] Comprado el almacén central.
[2024-03-15 17:40:37] Cierre de partida
[2024-03-15 17:41:26] Inicio de la simulacion hola
[2024-03-15 17:41:26] Piscifactoria Inicial: h1
[2024-03-15 17:41:56] Comprado el almacén central.
[2024-03-15 17:44:06] Inicio de la simulacion hola
[2024-03-15 17:44:06] Piscifactoria Inicial: h1
[2024-03-15 17:44:10] Cierre de partida
[2024-03-15 17:55:44] Inicio de la simulacion hola
[2024-03-15 17:55:44] Piscifactoria Inicial: h1
[2024-03-15 17:55:58] Comprado el almacén central.
[2024-03-15 17:56:03] Cierre de partida
[2024-03-15 18:00:44] Inicio de la simulacion hola
[2024-03-15 18:00:44] Piscifactoria Inicial: h
[2024-03-15 18:00:48] Comprado el almacén central.
[2024-03-15 18:00:51] Cierre de partida
[2024-03-15 18:05:23] Inicio de la simulacion hola
[2024-03-15 18:05:23] Piscifactoria Inicial: h1
[2024-03-15 18:05:27] Comprado el almacén central.
[2024-03-15 18:05:29] Cierre de partida
[2024-03-15 18:06:40] Carpa plateada (M) comprado por 35 monedas.
[2024-03-15 18:06:43] Fin del dia 0.
[2024-03-15 18:06:43] Fin del dia 1.
[2024-03-15 18:06:43] Fin del dia 2.
[2024-03-15 18:06:43] Fin del dia 3.
[2024-03-15 18:06:44] Fin del dia 4.
[2024-03-15 18:07:43] Inicio de la simulacion hola
[2024-03-15 18:07:43] Piscifactoria Inicial: h1
[2024-03-15 18:07:49] Carpa plateada (M) comprado por 35 monedas.
[2024-03-15 18:07:50] Carpa plateada (H) comprado por 35 monedas.
[2024-03-15 18:07:51] Fin del dia 0.
[2024-03-15 18:07:51] Fin del dia 1.
[2024-03-15 18:07:52] Fin del dia 2.
[2024-03-15 18:07:55] Fin del dia 3.
[2024-03-15 18:07:58] Fin del dia 4.
[2024-03-15 18:08:07] Recompensa comida_1.xml usada
[2024-03-15 18:08:36] Fin del dia 5.
[2024-03-15 18:14:12] Inicio de la simulacion hola
[2024-03-15 18:14:12] Piscifactoria Inicial: h1
[2024-03-15 18:18:04] Inicio de la simulacion hola
[2024-03-15 18:18:04] Piscifactoria Inicial: h1
[2024-03-15 18:18:25] Inicio de la simulacion hola
[2024-03-15 18:18:25] Piscifactoria Inicial: h1
[2024-03-15 18:20:12] Inicio de la simulacion hola
[2024-03-15 18:20:12] Piscifactoria Inicial: h1
[2024-03-15 18:26:24] Inicio de la simulacion hola
[2024-03-15 18:26:24] Piscifactoria Inicial: h1
[2024-03-15 18:26:42] Comprado el almacén central.
[2024-03-15 18:26:48] Recompensa comida_2.xml usada
[2024-03-15 18:26:55] Cierre de partida
[2024-03-15 18:33:34] Inicio de la simulacion hola
[2024-03-15 18:33:34] Piscifactoria Inicial: h1
[2024-03-15 18:33:38] Comprado el almacén central.
[2024-03-15 18:33:44] Recompensa comida_3.xml usada
[2024-03-15 18:33:55] Cierre de partida
[2024-03-15 18:36:10] Inicio de la simulacion hola
[2024-03-15 18:36:10] Piscifactoria Inicial: h1
