[2024-03-18 00:21:44] Inicio de la simulacion lola
[2024-03-18 00:21:44] Piscifactoria Inicial: l1
[2024-03-18 00:21:49] Carpa plateada (M) comprado por 35 monedas.
[2024-03-18 00:22:00] Fin del dia 0.
[2024-03-18 00:22:01] Fin del dia 1.
[2024-03-18 00:22:03] Fin del dia 2.
[2024-03-18 00:22:03] Fin del dia 3.
[2024-03-18 00:22:04] Fin del dia 4.
[2024-03-18 00:22:05] Fin del dia 5.
[2024-03-18 00:22:58] Comprado un tanque número 2 de la piscifactoría de río l1.
[2024-03-18 00:23:08] Carpa (H) comprado por 50 monedas.
[2024-03-18 00:23:09] Fin del dia 6.
[2024-03-18 00:23:10] Fin del dia 7.
[2024-03-18 00:23:10] Fin del dia 8.
[2024-03-18 00:23:11] Fin del dia 9.
[2024-03-18 00:23:11] Fin del dia 10.
[2024-03-18 00:23:12] Fin del dia 11.
[2024-03-18 00:38:37] Recompensa Piscifactoria de rio usada
[2024-03-18 00:38:37] [ERROR] Error al buscar el nombre del archivo XML
[2024-03-18 00:38:37] [ERROR] Error al buscar el nombre del archivo XML
