[2024-03-15 12:49:24] Recompensa creada
[2024-03-15 12:49:24] Recompensa creada
[2024-03-15 12:49:24] Recompensa creada
[2024-03-15 12:49:24] Recompensa creada
[2024-03-15 12:49:24] Recompensa creada
[2024-03-15 12:49:24] Recompensa creada
[2024-03-15 12:49:24] Recompensa creada
[2024-03-15 12:49:24] Recompensa creada
[2024-03-15 12:49:24] Recompensa creada
[2024-03-15 12:49:24] Recompensa creada
[2024-03-15 12:49:24] Recompensa creada
[2024-03-15 12:49:24] Recompensa creada
[2024-03-15 12:49:24] Recompensa creada
[2024-03-15 12:49:24] Recompensa creada
[2024-03-15 12:49:24] Recompensa creada
[2024-03-15 12:49:24] Recompensa creada
[2024-03-15 12:49:24] Recompensa creada
[2024-03-15 12:49:24] Recompensa creada
[2024-03-15 17:01:58] Recompensa creada
[2024-03-15 17:01:58] Recompensa creada
[2024-03-15 17:01:58] Recompensa creada
[2024-03-15 17:01:58] Recompensa creada
[2024-03-15 17:01:58] Recompensa creada
[2024-03-15 17:01:58] Recompensa creada
[2024-03-15 17:01:58] Recompensa creada
[2024-03-15 17:01:58] Recompensa creada
[2024-03-15 17:01:58] Recompensa creada
[2024-03-15 17:01:58] Recompensa creada
[2024-03-15 17:01:58] Recompensa creada
[2024-03-15 17:01:58] Recompensa creada
[2024-03-15 17:01:58] Recompensa creada
[2024-03-15 17:01:58] Recompensa creada
[2024-03-15 17:01:58] Recompensa creada
[2024-03-15 17:01:58] Recompensa creada
[2024-03-15 17:01:58] Recompensa creada
[2024-03-15 17:01:58] Recompensa creada
[2024-03-15 17:41:22] Recompensa creada
[2024-03-15 17:41:22] Recompensa creada
[2024-03-15 17:41:22] Recompensa creada
[2024-03-15 17:41:22] Recompensa creada
[2024-03-15 17:41:22] Recompensa creada
[2024-03-15 17:41:22] Recompensa creada
[2024-03-15 17:41:22] Recompensa creada
[2024-03-15 17:41:22] Recompensa creada
[2024-03-15 17:41:22] Recompensa creada
[2024-03-15 17:41:22] Recompensa creada
[2024-03-15 17:41:22] Recompensa creada
[2024-03-15 17:41:23] Recompensa creada
[2024-03-15 17:41:23] Recompensa creada
[2024-03-15 17:41:23] Recompensa creada
[2024-03-15 17:41:23] Recompensa creada
[2024-03-15 17:41:23] Recompensa creada
[2024-03-15 17:41:23] Recompensa creada
[2024-03-15 17:41:23] Recompensa creada
[2024-03-15 17:41:26] [ERROR] Z:\2DAM\Acceso a datos\TRABAJO PISCI GIT\Piscifactoria\src\saves\hola.save (El sistema no puede encontrar la ruta especificada)
[2024-03-15 17:41:39] Recompensa Almacen central usada
[2024-03-15 18:14:03] Recompensa creada
[2024-03-15 18:14:03] Recompensa creada
[2024-03-15 18:14:03] Recompensa creada
[2024-03-15 18:14:03] Recompensa creada
[2024-03-15 18:14:03] Recompensa creada
[2024-03-15 18:14:03] Recompensa creada
[2024-03-15 18:14:03] Recompensa creada
[2024-03-15 18:14:03] Recompensa creada
[2024-03-15 18:14:03] Recompensa creada
[2024-03-15 18:14:03] Recompensa creada
[2024-03-15 18:14:03] Recompensa creada
[2024-03-15 18:14:03] Recompensa creada
[2024-03-15 18:14:03] Recompensa creada
[2024-03-15 18:14:03] Recompensa creada
[2024-03-15 18:14:03] Recompensa creada
[2024-03-15 18:14:03] Recompensa creada
[2024-03-15 18:14:03] Recompensa creada
[2024-03-15 18:14:03] Recompensa creada
[2024-03-15 18:14:49] Recompensa Almacen central usada
[2024-03-15 18:15:51] Recompensa comida_1.xml usada
[2024-03-15 18:18:21] Recompensa creada
[2024-03-15 18:18:21] Recompensa creada
[2024-03-15 18:18:21] Recompensa creada
[2024-03-15 18:18:21] Recompensa creada
[2024-03-15 18:18:21] Recompensa creada
[2024-03-15 18:18:21] Recompensa creada
[2024-03-15 18:18:21] Recompensa creada
[2024-03-15 18:18:21] Recompensa creada
[2024-03-15 18:18:21] Recompensa creada
[2024-03-15 18:18:21] Recompensa creada
[2024-03-15 18:18:21] Recompensa creada
[2024-03-15 18:18:21] Recompensa creada
[2024-03-15 18:18:21] Recompensa creada
[2024-03-15 18:18:21] Recompensa creada
[2024-03-15 18:18:21] Recompensa creada
[2024-03-15 18:18:21] Recompensa creada
[2024-03-15 18:18:21] Recompensa creada
[2024-03-15 18:18:21] Recompensa creada
[2024-03-15 18:18:38] Recompensa Almacen central usada
[2024-03-15 18:18:42] Recompensa comida_1.xml usada
[2024-03-15 18:18:50] Cierre de partida
[2024-03-15 18:20:06] Recompensa creada
[2024-03-15 18:20:06] Recompensa creada
[2024-03-15 18:20:06] Recompensa creada
[2024-03-15 18:20:06] Recompensa creada
[2024-03-15 18:20:06] Recompensa creada
[2024-03-15 18:20:06] Recompensa creada
[2024-03-15 18:20:06] Recompensa creada
[2024-03-15 18:20:06] Recompensa creada
[2024-03-15 18:20:06] Recompensa creada
[2024-03-15 18:20:06] Recompensa creada
[2024-03-15 18:20:06] Recompensa creada
[2024-03-15 18:20:06] Recompensa creada
[2024-03-15 18:20:06] Recompensa creada
[2024-03-15 18:20:06] Recompensa creada
[2024-03-15 18:20:06] Recompensa creada
[2024-03-15 18:20:06] Recompensa creada
[2024-03-15 18:20:06] Recompensa creada
[2024-03-15 18:20:06] Recompensa creada
[2024-03-15 18:20:15] Recompensa Almacen central usada
[2024-03-15 18:20:18] Recompensa comida_1.xml usada
[2024-03-15 18:20:33] Cierre de partida
[2024-03-15 18:36:05] Recompensa creada
[2024-03-15 18:36:05] Recompensa creada
[2024-03-15 18:36:05] Recompensa creada
[2024-03-15 18:36:05] Recompensa creada
[2024-03-15 18:36:05] Recompensa creada
[2024-03-15 18:36:05] Recompensa creada
[2024-03-15 18:36:05] Recompensa creada
[2024-03-15 18:36:05] Recompensa creada
[2024-03-15 18:36:05] Recompensa creada
[2024-03-15 18:36:05] Recompensa creada
[2024-03-15 18:36:05] Recompensa creada
[2024-03-15 18:36:05] Recompensa creada
[2024-03-15 18:36:05] Recompensa creada
[2024-03-15 18:36:05] Recompensa creada
[2024-03-15 18:36:05] Recompensa creada
[2024-03-15 18:36:05] Recompensa creada
[2024-03-15 18:36:05] Recompensa creada
[2024-03-15 18:36:05] Recompensa creada
[2024-03-15 18:37:47] Recompensa Almacen central usada
[2024-03-15 18:38:06] Recompensa comida_1.xml usada
[2024-03-15 18:38:12] Cierre de partida
